<?xml version="1.0" encoding="UTF-8"?>
<persistence version="2.2"
	xmlns="http://xmlns.jcp.org/xml/ns/persistence"
	xmlns:xsi="http://www.w3.org/2001/XMLSchema-instance"
	xsi:schemaLocation="
        http://xmlns.jcp.org/xml/ns/persistence
        http://xmlns.jcp.org/xml/ns/persistence/persistence_2_2.xsd">
	<persistence-unit name="residentIncomePU"
		transaction-type="JTA">
		<jta-data-source>java:jboss/datasources/PostgresDS</jta-data-source>
		<properties>
			<property
				name="javax.persistence.schema-generation.database.action"
				value="drop-and-create" />
			<property
				name="javax.persistence.schema-generation.create-source"
				value="metadata" />
			<property
				name="javax.persistence.schema-generation.drop-source"
				value="metadata" />

			<!-- Properties for Hibernate -->
			<property name="hibernate.show_sql" value="true" />
			<property name="hibernate.format_sql" value="true" />
			<property name="hibernate.dialect"
				value="org.hibernate.dialect.PostgreSQLDialect" />
		</properties>
	</persistence-unit>
</persistence>
